# JRE version: Java(TM) SE Runtime Environment (8.0_31-b13) (build 1.8.0_31-b13)
# Java VM: Java HotSpot(TM) 64-Bit Server VM (25.31-b07 mixed mode linux-amd64 compressed oops)
Heap:
 PSYoungGen      total 72192K, used 17822K [0x00000000ebf00000, 0x00000000f1600000, 0x0000000100000000)
  eden space 59392K, 29% used [0x00000000ebf00000,0x00000000ed03fb58,0x00000000ef900000)
  from space 12800K, 1% used [0x00000000f0980000,0x00000000f09a8000,0x00000000f1600000)
  to   space 14848K, 0% used [0x00000000ef900000,0x00000000ef900000,0x00000000f0780000)
 ParOldGen       total 42496K, used 21918K [0x00000000c3c00000, 0x00000000c6580000, 0x00000000ebf00000)
  object space 42496K, 51% used [0x00000000c3c00000,0x00000000c5167930,0x00000000c6580000)
 Metaspace       used 18274K, capacity 18425K, committed 18688K, reserved 1067008K
  class space    used 1704K, capacity 1757K, committed 1792K, reserved 1048576K
GC Heap History (10 events):
Event: 11.502 GC heap before
{Heap before GC invocations=4 (full 0):
 PSYoungGen      total 18432K, used 18395K [0x00000000ebf00000, 0x00000000ee300000, 0x0000000100000000)
  eden space 15872K, 99% used [0x00000000ebf00000,0x00000000ece7ee08,0x00000000ece80000)
  from space 2560K, 98% used [0x00000000ece80000,0x00000000ed0f8060,0x00000000ed100000)
  to   space 2560K, 0% used [0x00000000ee080000,0x00000000ee080000,0x00000000ee300000)
 ParOldGen       total 42496K, used 18279K [0x00000000c3c00000, 0x00000000c6580000, 0x00000000ebf00000)
  object space 42496K, 43% used [0x00000000c3c00000,0x00000000c4dd9c68,0x00000000c6580000)
 Metaspace       used 17853K, capacity 18041K, committed 18176K, reserved 1064960K
  class space    used 1690K, capacity 1757K, committed 1792K, reserved 1048576K
Event: 11.512 GC heap after
Heap after GC invocations=4 (full 0):
 PSYoungGen      total 34304K, used 2546K [0x00000000ebf00000, 0x00000000ee300000, 0x0000000100000000)
  eden space 31744K, 0% used [0x00000000ebf00000,0x00000000ebf00000,0x00000000ede00000)
  from space 2560K, 99% used [0x00000000ee080000,0x00000000ee2fc880,0x00000000ee300000)
  to   space 2560K, 0% used [0x00000000ede00000,0x00000000ede00000,0x00000000ee080000)
 ParOldGen       total 42496K, used 19367K [0x00000000c3c00000, 0x00000000c6580000, 0x00000000ebf00000)
  object space 42496K, 45% used [0x00000000c3c00000,0x00000000c4ee9d48,0x00000000c6580000)
 Metaspace       used 17853K, capacity 18041K, committed 18176K, reserved 1064960K
  class space    used 1690K, capacity 1757K, committed 1792K, reserved 1048576K
}
Event: 33.055 GC heap before
{Heap before GC invocations=5 (full 0):
 PSYoungGen      total 34304K, used 34290K [0x00000000ebf00000, 0x00000000ee300000, 0x0000000100000000)
  eden space 31744K, 100% used [0x00000000ebf00000,0x00000000ede00000,0x00000000ede00000)
  from space 2560K, 99% used [0x00000000ee080000,0x00000000ee2fc880,0x00000000ee300000)
  to   space 2560K, 0% used [0x00000000ede00000,0x00000000ede00000,0x00000000ee080000)
 ParOldGen       total 42496K, used 19367K [0x00000000c3c00000, 0x00000000c6580000, 0x00000000ebf00000)
  object space 42496K, 45% used [0x00000000c3c00000,0x00000000c4ee9d48,0x00000000c6580000)
 Metaspace       used 18113K, capacity 18297K, committed 18432K, reserved 1067008K
  class space    used 1690K, capacity 1757K, committed 1792K, reserved 1048576K
Event: 33.068 GC heap after
Heap after GC invocations=5 (full 0):
 PSYoungGen      total 34304K, used 2530K [0x00000000ebf00000, 0x00000000f1c00000, 0x0000000100000000)
  eden space 31744K, 0% used [0x00000000ebf00000,0x00000000ebf00000,0x00000000ede00000)
  from space 2560K, 98% used [0x00000000ede00000,0x00000000ee078870,0x00000000ee080000)
  to   space 15872K, 0% used [0x00000000f0c80000,0x00000000f0c80000,0x00000000f1c00000)
 ParOldGen       total 42496K, used 19439K [0x00000000c3c00000, 0x00000000c6580000, 0x00000000ebf00000)
  object space 42496K, 45% used [0x00000000c3c00000,0x00000000c4efbd48,0x00000000c6580000)
 Metaspace       used 18113K, capacity 18297K, committed 18432K, reserved 1067008K
  class space    used 1690K, capacity 1757K, committed 1792K, reserved 1048576K
}
Event: 54.508 GC heap before
{Heap before GC invocations=6 (full 0):
 PSYoungGen      total 34304K, used 34274K [0x00000000ebf00000, 0x00000000f1c00000, 0x0000000100000000)
  eden space 31744K, 100% used [0x00000000ebf00000,0x00000000ede00000,0x00000000ede00000)
  from space 2560K, 98% used [0x00000000ede00000,0x00000000ee078870,0x00000000ee080000)
  to   space 15872K, 0% used [0x00000000f0c80000,0x00000000f0c80000,0x00000000f1c00000)
 ParOldGen       total 42496K, used 19439K [0x00000000c3c00000, 0x00000000c6580000, 0x00000000ebf00000)
  object space 42496K, 45% used [0x00000000c3c00000,0x00000000c4efbd48,0x00000000c6580000)
 Metaspace       used 18272K, capacity 18425K, committed 18688K, reserved 1067008K
  class space    used 1704K, capacity 1757K, committed 1792K, reserved 1048576K
Event: 54.518 GC heap after
Heap after GC invocations=6 (full 0):
 PSYoungGen      total 78336K, used 2706K [0x00000000ebf00000, 0x00000000f1b00000, 0x0000000100000000)
  eden space 63488K, 0% used [0x00000000ebf00000,0x00000000ebf00000,0x00000000efd00000)
  from space 14848K, 18% used [0x00000000f0c80000,0x00000000f0f24880,0x00000000f1b00000)
  to   space 15360K, 0% used [0x00000000efd00000,0x00000000efd00000,0x00000000f0c00000)
 ParOldGen       total 42496K, used 19447K [0x00000000c3c00000, 0x00000000c6580000, 0x00000000ebf00000)
  object space 42496K, 45% used [0x00000000c3c00000,0x00000000c4efdd48,0x00000000c6580000)
 Metaspace       used 18272K, capacity 18425K, committed 18688K, reserved 1067008K
  class space    used 1704K, capacity 1757K, committed 1792K, reserved 1048576K
}
Event: 98.276 GC heap before
{Heap before GC invocations=7 (full 0):
 PSYoungGen      total 78336K, used 66194K [0x00000000ebf00000, 0x00000000f1b00000, 0x0000000100000000)
  eden space 63488K, 100% used [0x00000000ebf00000,0x00000000efd00000,0x00000000efd00000)
  from space 14848K, 18% used [0x00000000f0c80000,0x00000000f0f24880,0x00000000f1b00000)
  to   space 15360K, 0% used [0x00000000efd00000,0x00000000efd00000,0x00000000f0c00000)
 ParOldGen       total 42496K, used 19447K [0x00000000c3c00000, 0x00000000c6580000, 0x00000000ebf00000)
  object space 42496K, 45% used [0x00000000c3c00000,0x00000000c4efdd48,0x00000000c6580000)
 Metaspace       used 18274K, capacity 18425K, committed 18688K, reserved 1067008K
  class space    used 1704K, capacity 1757K, committed 1792K, reserved 1048576K
Event: 98.281 GC heap after
Heap after GC invocations=7 (full 0):
 PSYoungGen      total 62976K, used 1504K [0x00000000ebf00000, 0x00000000f1800000, 0x0000000100000000)
  eden space 61440K, 0% used [0x00000000ebf00000,0x00000000ebf00000,0x00000000efb00000)
  from space 1536K, 97% used [0x00000000efd00000,0x00000000efe78020,0x00000000efe80000)
  to   space 14848K, 0% used [0x00000000f0980000,0x00000000f0980000,0x00000000f1800000)
 ParOldGen       total 42496K, used 20614K [0x00000000c3c00000, 0x00000000c6580000, 0x00000000ebf00000)
  object space 42496K, 48% used [0x00000000c3c00000,0x00000000c5021910,0x00000000c6580000)
 Metaspace       used 18274K, capacity 18425K, committed 18688K, reserved 1067008K
  class space    used 1704K, capacity 1757K, committed 1792K, reserved 1048576K
}
Event: 139.963 GC heap before
{Heap before GC invocations=8 (full 0):
 PSYoungGen      total 62976K, used 62944K [0x00000000ebf00000, 0x00000000f1800000, 0x0000000100000000)
  eden space 61440K, 100% used [0x00000000ebf00000,0x00000000efb00000,0x00000000efb00000)
  from space 1536K, 97% used [0x00000000efd00000,0x00000000efe78020,0x00000000efe80000)
  to   space 14848K, 0% used [0x00000000f0980000,0x00000000f0980000,0x00000000f1800000)
 ParOldGen       total 42496K, used 20614K [0x00000000c3c00000, 0x00000000c6580000, 0x00000000ebf00000)
  object space 42496K, 48% used [0x00000000c3c00000,0x00000000c5021910,0x00000000c6580000)
 Metaspace       used 18274K, capacity 18425K, committed 18688K, reserved 1067008K
  class space    used 1704K, capacity 1757K, committed 1792K, reserved 1048576K
Event: 139.966 GC heap after
Heap after GC invocations=8 (full 0):
 PSYoungGen      total 72192K, used 160K [0x00000000ebf00000, 0x00000000f1600000, 0x0000000100000000)
  eden space 59392K, 0% used [0x00000000ebf00000,0x00000000ebf00000,0x00000000ef900000)
  from space 12800K, 1% used [0x00000000f0980000,0x00000000f09a8000,0x00000000f1600000)
  to   space 14848K, 0% used [0x00000000ef900000,0x00000000ef900000,0x00000000f0780000)
 ParOldGen       total 42496K, used 21918K [0x00000000c3c00000, 0x00000000c6580000, 0x00000000ebf00000)
  object space 42496K, 51% used [0x00000000c3c00000,0x00000000c5167930,0x00000000c6580000)
 Metaspace       used 18274K, capacity 18425K, committed 18688K, reserved 1067008K
  class space    used 1704K, capacity 1757K, committed 1792K, reserved 1048576K
}

