# JRE version: Java(TM) SE Runtime Environment (8.0_31-b13) (build 1.8.0_31-b13)
# Java VM: Java HotSpot(TM) 64-Bit Server VM (25.31-b07 mixed mode linux-amd64 compressed oops)
Heap:
 PSYoungGen      total 24064K, used 13340K [0x00000000ebf00000, 0x00000000edf80000, 0x0000000100000000)
  eden space 15872K, 83% used [0x00000000ebf00000,0x00000000ecbef010,0x00000000ece80000)
  from space 8192K, 1% used [0x00000000ed780000,0x00000000ed798000,0x00000000edf80000)
  to   space 8704K, 0% used [0x00000000ece80000,0x00000000ece80000,0x00000000ed700000)
 ParOldGen       total 42496K, used 15811K [0x00000000c3c00000, 0x00000000c6580000, 0x00000000ebf00000)
  object space 42496K, 37% used [0x00000000c3c00000,0x00000000c4b70c68,0x00000000c6580000)
 Metaspace       used 18168K, capacity 18353K, committed 18432K, reserved 1067008K
  class space    used 1689K, capacity 1757K, committed 1792K, reserved 1048576K
GC Heap History (10 events):
Event: 83.304 GC heap before
{Heap before GC invocations=12 (full 0):
 PSYoungGen      total 26624K, used 15936K [0x00000000ebf00000, 0x00000000ee380000, 0x0000000100000000)
  eden space 15872K, 100% used [0x00000000ebf00000,0x00000000ece80000,0x00000000ece80000)
  from space 10752K, 0% used [0x00000000ece80000,0x00000000ece90000,0x00000000ed900000)
  to   space 10752K, 0% used [0x00000000ed900000,0x00000000ed900000,0x00000000ee380000)
 ParOldGen       total 42496K, used 15723K [0x00000000c3c00000, 0x00000000c6580000, 0x00000000ebf00000)
  object space 42496K, 36% used [0x00000000c3c00000,0x00000000c4b5ac68,0x00000000c6580000)
 Metaspace       used 18152K, capacity 18289K, committed 18432K, reserved 1067008K
  class space    used 1689K, capacity 1757K, committed 1792K, reserved 1048576K
Event: 83.307 GC heap after
Heap after GC invocations=12 (full 0):
 PSYoungGen      total 25600K, used 64K [0x00000000ebf00000, 0x00000000ee280000, 0x0000000100000000)
  eden space 15872K, 0% used [0x00000000ebf00000,0x00000000ebf00000,0x00000000ece80000)
  from space 9728K, 0% used [0x00000000ed900000,0x00000000ed910000,0x00000000ee280000)
  to   space 10240K, 0% used [0x00000000ece80000,0x00000000ece80000,0x00000000ed880000)
 ParOldGen       total 42496K, used 15739K [0x00000000c3c00000, 0x00000000c6580000, 0x00000000ebf00000)
  object space 42496K, 37% used [0x00000000c3c00000,0x00000000c4b5ec68,0x00000000c6580000)
 Metaspace       used 18152K, capacity 18289K, committed 18432K, reserved 1067008K
  class space    used 1689K, capacity 1757K, committed 1792K, reserved 1048576K
}
Event: 92.036 GC heap before
{Heap before GC invocations=13 (full 0):
 PSYoungGen      total 25600K, used 15936K [0x00000000ebf00000, 0x00000000ee280000, 0x0000000100000000)
  eden space 15872K, 100% used [0x00000000ebf00000,0x00000000ece80000,0x00000000ece80000)
  from space 9728K, 0% used [0x00000000ed900000,0x00000000ed910000,0x00000000ee280000)
  to   space 10240K, 0% used [0x00000000ece80000,0x00000000ece80000,0x00000000ed880000)
 ParOldGen       total 42496K, used 15739K [0x00000000c3c00000, 0x00000000c6580000, 0x00000000ebf00000)
  object space 42496K, 37% used [0x00000000c3c00000,0x00000000c4b5ec68,0x00000000c6580000)
 Metaspace       used 18152K, capacity 18289K, committed 18432K, reserved 1067008K
  class space    used 1689K, capacity 1757K, committed 1792K, reserved 1048576K
Event: 92.037 GC heap after
Heap after GC invocations=13 (full 0):
 PSYoungGen      total 16384K, used 96K [0x00000000ebf00000, 0x00000000ee180000, 0x0000000100000000)
  eden space 15872K, 0% used [0x00000000ebf00000,0x00000000ebf00000,0x00000000ece80000)
  from space 512K, 18% used [0x00000000ece80000,0x00000000ece98000,0x00000000ecf00000)
  to   space 9728K, 0% used [0x00000000ed800000,0x00000000ed800000,0x00000000ee180000)
 ParOldGen       total 42496K, used 15763K [0x00000000c3c00000, 0x00000000c6580000, 0x00000000ebf00000)
  object space 42496K, 37% used [0x00000000c3c00000,0x00000000c4b64c68,0x00000000c6580000)
 Metaspace       used 18152K, capacity 18289K, committed 18432K, reserved 1067008K
  class space    used 1689K, capacity 1757K, committed 1792K, reserved 1048576K
}
Event: 100.920 GC heap before
{Heap before GC invocations=14 (full 0):
 PSYoungGen      total 16384K, used 15968K [0x00000000ebf00000, 0x00000000ee180000, 0x0000000100000000)
  eden space 15872K, 100% used [0x00000000ebf00000,0x00000000ece80000,0x00000000ece80000)
  from space 512K, 18% used [0x00000000ece80000,0x00000000ece98000,0x00000000ecf00000)
  to   space 9728K, 0% used [0x00000000ed800000,0x00000000ed800000,0x00000000ee180000)
 ParOldGen       total 42496K, used 15763K [0x00000000c3c00000, 0x00000000c6580000, 0x00000000ebf00000)
  object space 42496K, 37% used [0x00000000c3c00000,0x00000000c4b64c68,0x00000000c6580000)
 Metaspace       used 18152K, capacity 18289K, committed 18432K, reserved 1067008K
  class space    used 1689K, capacity 1757K, committed 1792K, reserved 1048576K
Event: 100.921 GC heap after
Heap after GC invocations=14 (full 0):
 PSYoungGen      total 25600K, used 128K [0x00000000ebf00000, 0x00000000ee180000, 0x0000000100000000)
  eden space 15872K, 0% used [0x00000000ebf00000,0x00000000ebf00000,0x00000000ece80000)
  from space 9728K, 1% used [0x00000000ed800000,0x00000000ed820000,0x00000000ee180000)
  to   space 9728K, 0% used [0x00000000ece80000,0x00000000ece80000,0x00000000ed800000)
 ParOldGen       total 42496K, used 15787K [0x00000000c3c00000, 0x00000000c6580000, 0x00000000ebf00000)
  object space 42496K, 37% used [0x00000000c3c00000,0x00000000c4b6ac68,0x00000000c6580000)
 Metaspace       used 18152K, capacity 18289K, committed 18432K, reserved 1067008K
  class space    used 1689K, capacity 1757K, committed 1792K, reserved 1048576K
}
Event: 109.724 GC heap before
{Heap before GC invocations=15 (full 0):
 PSYoungGen      total 25600K, used 16000K [0x00000000ebf00000, 0x00000000ee180000, 0x0000000100000000)
  eden space 15872K, 100% used [0x00000000ebf00000,0x00000000ece80000,0x00000000ece80000)
  from space 9728K, 1% used [0x00000000ed800000,0x00000000ed820000,0x00000000ee180000)
  to   space 9728K, 0% used [0x00000000ece80000,0x00000000ece80000,0x00000000ed800000)
 ParOldGen       total 42496K, used 15787K [0x00000000c3c00000, 0x00000000c6580000, 0x00000000ebf00000)
  object space 42496K, 37% used [0x00000000c3c00000,0x00000000c4b6ac68,0x00000000c6580000)
 Metaspace       used 18152K, capacity 18289K, committed 18432K, reserved 1067008K
  class space    used 1689K, capacity 1757K, committed 1792K, reserved 1048576K
Event: 109.725 GC heap after
Heap after GC invocations=15 (full 0):
 PSYoungGen      total 16384K, used 96K [0x00000000ebf00000, 0x00000000ee080000, 0x0000000100000000)
  eden space 15872K, 0% used [0x00000000ebf00000,0x00000000ebf00000,0x00000000ece80000)
  from space 512K, 18% used [0x00000000ece80000,0x00000000ece98000,0x00000000ecf00000)
  to   space 9216K, 0% used [0x00000000ed780000,0x00000000ed780000,0x00000000ee080000)
 ParOldGen       total 42496K, used 15803K [0x00000000c3c00000, 0x00000000c6580000, 0x00000000ebf00000)
  object space 42496K, 37% used [0x00000000c3c00000,0x00000000c4b6ec68,0x00000000c6580000)
 Metaspace       used 18152K, capacity 18289K, committed 18432K, reserved 1067008K
  class space    used 1689K, capacity 1757K, committed 1792K, reserved 1048576K
}
Event: 119.800 GC heap before
{Heap before GC invocations=16 (full 0):
 PSYoungGen      total 16384K, used 15968K [0x00000000ebf00000, 0x00000000ee080000, 0x0000000100000000)
  eden space 15872K, 100% used [0x00000000ebf00000,0x00000000ece80000,0x00000000ece80000)
  from space 512K, 18% used [0x00000000ece80000,0x00000000ece98000,0x00000000ecf00000)
  to   space 9216K, 0% used [0x00000000ed780000,0x00000000ed780000,0x00000000ee080000)
 ParOldGen       total 42496K, used 15803K [0x00000000c3c00000, 0x00000000c6580000, 0x00000000ebf00000)
  object space 42496K, 37% used [0x00000000c3c00000,0x00000000c4b6ec68,0x00000000c6580000)
 Metaspace       used 18168K, capacity 18353K, committed 18432K, reserved 1067008K
  class space    used 1689K, capacity 1757K, committed 1792K, reserved 1048576K
Event: 119.802 GC heap after
Heap after GC invocations=16 (full 0):
 PSYoungGen      total 24064K, used 96K [0x00000000ebf00000, 0x00000000edf80000, 0x0000000100000000)
  eden space 15872K, 0% used [0x00000000ebf00000,0x00000000ebf00000,0x00000000ece80000)
  from space 8192K, 1% used [0x00000000ed780000,0x00000000ed798000,0x00000000edf80000)
  to   space 8704K, 0% used [0x00000000ece80000,0x00000000ece80000,0x00000000ed700000)
 ParOldGen       total 42496K, used 15811K [0x00000000c3c00000, 0x00000000c6580000, 0x00000000ebf00000)
  object space 42496K, 37% used [0x00000000c3c00000,0x00000000c4b70c68,0x00000000c6580000)
 Metaspace       used 18168K, capacity 18353K, committed 18432K, reserved 1067008K
  class space    used 1689K, capacity 1757K, committed 1792K, reserved 1048576K
}

