# JRE version: Java(TM) SE Runtime Environment (8.0_31-b13) (build 1.8.0_31-b13)
# Java VM: Java HotSpot(TM) 64-Bit Server VM (25.31-b07 mixed mode linux-amd64 compressed oops)
Heap:
 PSYoungGen      total 31744K, used 13732K [0x00000000ebf00000, 0x00000000f0d00000, 0x0000000100000000)
  eden space 30208K, 41% used [0x00000000ebf00000,0x00000000ecb21008,0x00000000edc80000)
  from space 1536K, 85% used [0x00000000ef180000,0x00000000ef2c8010,0x00000000ef300000)
  to   space 14848K, 0% used [0x00000000efe80000,0x00000000efe80000,0x00000000f0d00000)
 ParOldGen       total 42496K, used 20673K [0x00000000c3c00000, 0x00000000c6580000, 0x00000000ebf00000)
  object space 42496K, 48% used [0x00000000c3c00000,0x00000000c50304c0,0x00000000c6580000)
 Metaspace       used 18351K, capacity 18517K, committed 18688K, reserved 1067008K
  class space    used 1712K, capacity 1789K, committed 1792K, reserved 1048576K
GC Heap History (10 events):
Event: 1.899 GC heap before
{Heap before GC invocations=3 (full 0):
 PSYoungGen      total 18432K, used 18145K [0x00000000ebf00000, 0x00000000ed380000, 0x0000000100000000)
  eden space 15872K, 98% used [0x00000000ebf00000,0x00000000ece3bea8,0x00000000ece80000)
  from space 2560K, 99% used [0x00000000ed100000,0x00000000ed37c880,0x00000000ed380000)
  to   space 2560K, 0% used [0x00000000ece80000,0x00000000ece80000,0x00000000ed100000)
 ParOldGen       total 42496K, used 4907K [0x00000000c3c00000, 0x00000000c6580000, 0x00000000ebf00000)
  object space 42496K, 11% used [0x00000000c3c00000,0x00000000c40cad98,0x00000000c6580000)
 Metaspace       used 17431K, capacity 17629K, committed 17920K, reserved 1064960K
  class space    used 1684K, capacity 1753K, committed 1792K, reserved 1048576K
Event: 1.909 GC heap after
Heap after GC invocations=3 (full 0):
 PSYoungGen      total 18432K, used 2530K [0x00000000ebf00000, 0x00000000ee300000, 0x0000000100000000)
  eden space 15872K, 0% used [0x00000000ebf00000,0x00000000ebf00000,0x00000000ece80000)
  from space 2560K, 98% used [0x00000000ece80000,0x00000000ed0f8870,0x00000000ed100000)
  to   space 2560K, 0% used [0x00000000ee080000,0x00000000ee080000,0x00000000ee300000)
 ParOldGen       total 42496K, used 18114K [0x00000000c3c00000, 0x00000000c6580000, 0x00000000ebf00000)
  object space 42496K, 42% used [0x00000000c3c00000,0x00000000c4db0810,0x00000000c6580000)
 Metaspace       used 17431K, capacity 17629K, committed 17920K, reserved 1064960K
  class space    used 1684K, capacity 1753K, committed 1792K, reserved 1048576K
}
Event: 10.571 GC heap before
{Heap before GC invocations=4 (full 0):
 PSYoungGen      total 18432K, used 18402K [0x00000000ebf00000, 0x00000000ee300000, 0x0000000100000000)
  eden space 15872K, 100% used [0x00000000ebf00000,0x00000000ece80000,0x00000000ece80000)
  from space 2560K, 98% used [0x00000000ece80000,0x00000000ed0f8870,0x00000000ed100000)
  to   space 2560K, 0% used [0x00000000ee080000,0x00000000ee080000,0x00000000ee300000)
 ParOldGen       total 42496K, used 18114K [0x00000000c3c00000, 0x00000000c6580000, 0x00000000ebf00000)
  object space 42496K, 42% used [0x00000000c3c00000,0x00000000c4db0810,0x00000000c6580000)
 Metaspace       used 17975K, capacity 18133K, committed 18176K, reserved 1064960K
  class space    used 1710K, capacity 1789K, committed 1792K, reserved 1048576K
Event: 10.581 GC heap after
Heap after GC invocations=4 (full 0):
 PSYoungGen      total 34304K, used 2530K [0x00000000ebf00000, 0x00000000ee300000, 0x0000000100000000)
  eden space 31744K, 0% used [0x00000000ebf00000,0x00000000ebf00000,0x00000000ede00000)
  from space 2560K, 98% used [0x00000000ee080000,0x00000000ee2f8860,0x00000000ee300000)
  to   space 2560K, 0% used [0x00000000ede00000,0x00000000ede00000,0x00000000ee080000)
 ParOldGen       total 42496K, used 19410K [0x00000000c3c00000, 0x00000000c6580000, 0x00000000ebf00000)
  object space 42496K, 45% used [0x00000000c3c00000,0x00000000c4ef4830,0x00000000c6580000)
 Metaspace       used 17975K, capacity 18133K, committed 18176K, reserved 1064960K
  class space    used 1710K, capacity 1789K, committed 1792K, reserved 1048576K
}
Event: 31.605 GC heap before
{Heap before GC invocations=5 (full 0):
 PSYoungGen      total 34304K, used 34274K [0x00000000ebf00000, 0x00000000ee300000, 0x0000000100000000)
  eden space 31744K, 100% used [0x00000000ebf00000,0x00000000ede00000,0x00000000ede00000)
  from space 2560K, 98% used [0x00000000ee080000,0x00000000ee2f8860,0x00000000ee300000)
  to   space 2560K, 0% used [0x00000000ede00000,0x00000000ede00000,0x00000000ee080000)
 ParOldGen       total 42496K, used 19410K [0x00000000c3c00000, 0x00000000c6580000, 0x00000000ebf00000)
  object space 42496K, 45% used [0x00000000c3c00000,0x00000000c4ef4830,0x00000000c6580000)
 Metaspace       used 18224K, capacity 18389K, committed 18432K, reserved 1067008K
  class space    used 1711K, capacity 1789K, committed 1792K, reserved 1048576K
Event: 31.614 GC heap after
Heap after GC invocations=5 (full 0):
 PSYoungGen      total 34304K, used 2530K [0x00000000ebf00000, 0x00000000f1c00000, 0x0000000100000000)
  eden space 31744K, 0% used [0x00000000ebf00000,0x00000000ebf00000,0x00000000ede00000)
  from space 2560K, 98% used [0x00000000ede00000,0x00000000ee078860,0x00000000ee080000)
  to   space 15872K, 0% used [0x00000000f0c80000,0x00000000f0c80000,0x00000000f1c00000)
 ParOldGen       total 42496K, used 19418K [0x00000000c3c00000, 0x00000000c6580000, 0x00000000ebf00000)
  object space 42496K, 45% used [0x00000000c3c00000,0x00000000c4ef6830,0x00000000c6580000)
 Metaspace       used 18224K, capacity 18389K, committed 18432K, reserved 1067008K
  class space    used 1711K, capacity 1789K, committed 1792K, reserved 1048576K
}
Event: 52.730 GC heap before
{Heap before GC invocations=6 (full 0):
 PSYoungGen      total 34304K, used 34274K [0x00000000ebf00000, 0x00000000f1c00000, 0x0000000100000000)
  eden space 31744K, 100% used [0x00000000ebf00000,0x00000000ede00000,0x00000000ede00000)
  from space 2560K, 98% used [0x00000000ede00000,0x00000000ee078860,0x00000000ee080000)
  to   space 15872K, 0% used [0x00000000f0c80000,0x00000000f0c80000,0x00000000f1c00000)
 ParOldGen       total 42496K, used 19418K [0x00000000c3c00000, 0x00000000c6580000, 0x00000000ebf00000)
  object space 42496K, 45% used [0x00000000c3c00000,0x00000000c4ef6830,0x00000000c6580000)
 Metaspace       used 18336K, capacity 18517K, committed 18688K, reserved 1067008K
  class space    used 1712K, capacity 1789K, committed 1792K, reserved 1048576K
Event: 52.738 GC heap after
Heap after GC invocations=6 (full 0):
 PSYoungGen      total 33792K, used 2562K [0x00000000ebf00000, 0x00000000f0f80000, 0x0000000100000000)
  eden space 30720K, 0% used [0x00000000ebf00000,0x00000000ebf00000,0x00000000edd00000)
  from space 3072K, 83% used [0x00000000f0c80000,0x00000000f0f00860,0x00000000f0f80000)
  to   space 15360K, 0% used [0x00000000ef180000,0x00000000ef180000,0x00000000f0080000)
 ParOldGen       total 42496K, used 19418K [0x00000000c3c00000, 0x00000000c6580000, 0x00000000ebf00000)
  object space 42496K, 45% used [0x00000000c3c00000,0x00000000c4ef6830,0x00000000c6580000)
 Metaspace       used 18336K, capacity 18517K, committed 18688K, reserved 1067008K
  class space    used 1712K, capacity 1789K, committed 1792K, reserved 1048576K
}
Event: 73.273 GC heap before
{Heap before GC invocations=7 (full 0):
 PSYoungGen      total 33792K, used 33282K [0x00000000ebf00000, 0x00000000f0f80000, 0x0000000100000000)
  eden space 30720K, 100% used [0x00000000ebf00000,0x00000000edd00000,0x00000000edd00000)
  from space 3072K, 83% used [0x00000000f0c80000,0x00000000f0f00860,0x00000000f0f80000)
  to   space 15360K, 0% used [0x00000000ef180000,0x00000000ef180000,0x00000000f0080000)
 ParOldGen       total 42496K, used 19418K [0x00000000c3c00000, 0x00000000c6580000, 0x00000000ebf00000)
  object space 42496K, 45% used [0x00000000c3c00000,0x00000000c4ef6830,0x00000000c6580000)
 Metaspace       used 18336K, capacity 18517K, committed 18688K, reserved 1067008K
  class space    used 1712K, capacity 1789K, committed 1792K, reserved 1048576K
Event: 73.283 GC heap after
Heap after GC invocations=7 (full 0):
 PSYoungGen      total 31744K, used 1312K [0x00000000ebf00000, 0x00000000f0d00000, 0x0000000100000000)
  eden space 30208K, 0% used [0x00000000ebf00000,0x00000000ebf00000,0x00000000edc80000)
  from space 1536K, 85% used [0x00000000ef180000,0x00000000ef2c8010,0x00000000ef300000)
  to   space 14848K, 0% used [0x00000000efe80000,0x00000000efe80000,0x00000000f0d00000)
 ParOldGen       total 42496K, used 20673K [0x00000000c3c00000, 0x00000000c6580000, 0x00000000ebf00000)
  object space 42496K, 48% used [0x00000000c3c00000,0x00000000c50304c0,0x00000000c6580000)
 Metaspace       used 18336K, capacity 18517K, committed 18688K, reserved 1067008K
  class space    used 1712K, capacity 1789K, committed 1792K, reserved 1048576K
}

