# JRE version: Java(TM) SE Runtime Environment (8.0_31-b13) (build 1.8.0_31-b13)
# Java VM: Java HotSpot(TM) 64-Bit Server VM (25.31-b07 mixed mode linux-amd64 compressed oops)
Heap:
 PSYoungGen      total 16384K, used 7795K [0x00000000ebf00000, 0x00000000ee080000, 0x0000000100000000)
  eden space 15872K, 48% used [0x00000000ebf00000,0x00000000ec684e60,0x00000000ece80000)
  from space 512K, 18% used [0x00000000ece80000,0x00000000ece98000,0x00000000ecf00000)
  to   space 9216K, 0% used [0x00000000ed780000,0x00000000ed780000,0x00000000ee080000)
 ParOldGen       total 42496K, used 15596K [0x00000000c3c00000, 0x00000000c6580000, 0x00000000ebf00000)
  object space 42496K, 36% used [0x00000000c3c00000,0x00000000c4b3b2d8,0x00000000c6580000)
 Metaspace       used 18299K, capacity 18453K, committed 18688K, reserved 1067008K
  class space    used 1710K, capacity 1789K, committed 1792K, reserved 1048576K
GC Heap History (10 events):
Event: 87.620 GC heap before
{Heap before GC invocations=11 (full 0):
 PSYoungGen      total 26112K, used 15904K [0x00000000ebf00000, 0x00000000ee380000, 0x0000000100000000)
  eden space 15872K, 100% used [0x00000000ebf00000,0x00000000ece80000,0x00000000ece80000)
  from space 10240K, 0% used [0x00000000ed980000,0x00000000ed988000,0x00000000ee380000)
  to   space 10752K, 0% used [0x00000000ece80000,0x00000000ece80000,0x00000000ed900000)
 ParOldGen       total 42496K, used 15564K [0x00000000c3c00000, 0x00000000c6580000, 0x00000000ebf00000)
  object space 42496K, 36% used [0x00000000c3c00000,0x00000000c4b332d8,0x00000000c6580000)
 Metaspace       used 18156K, capacity 18293K, committed 18432K, reserved 1067008K
  class space    used 1696K, capacity 1757K, committed 1792K, reserved 1048576K
Event: 87.623 GC heap after
Heap after GC invocations=11 (full 0):
 PSYoungGen      total 26624K, used 64K [0x00000000ebf00000, 0x00000000ee380000, 0x0000000100000000)
  eden space 15872K, 0% used [0x00000000ebf00000,0x00000000ebf00000,0x00000000ece80000)
  from space 10752K, 0% used [0x00000000ece80000,0x00000000ece90000,0x00000000ed900000)
  to   space 10752K, 0% used [0x00000000ed900000,0x00000000ed900000,0x00000000ee380000)
 ParOldGen       total 42496K, used 15580K [0x00000000c3c00000, 0x00000000c6580000, 0x00000000ebf00000)
  object space 42496K, 36% used [0x00000000c3c00000,0x00000000c4b372d8,0x00000000c6580000)
 Metaspace       used 18156K, capacity 18293K, committed 18432K, reserved 1067008K
  class space    used 1696K, capacity 1757K, committed 1792K, reserved 1048576K
}
Event: 97.601 GC heap before
{Heap before GC invocations=12 (full 0):
 PSYoungGen      total 26624K, used 15936K [0x00000000ebf00000, 0x00000000ee380000, 0x0000000100000000)
  eden space 15872K, 100% used [0x00000000ebf00000,0x00000000ece80000,0x00000000ece80000)
  from space 10752K, 0% used [0x00000000ece80000,0x00000000ece90000,0x00000000ed900000)
  to   space 10752K, 0% used [0x00000000ed900000,0x00000000ed900000,0x00000000ee380000)
 ParOldGen       total 42496K, used 15580K [0x00000000c3c00000, 0x00000000c6580000, 0x00000000ebf00000)
  object space 42496K, 36% used [0x00000000c3c00000,0x00000000c4b372d8,0x00000000c6580000)
 Metaspace       used 18156K, capacity 18293K, committed 18432K, reserved 1067008K
  class space    used 1696K, capacity 1757K, committed 1792K, reserved 1048576K
Event: 97.603 GC heap after
Heap after GC invocations=12 (full 0):
 PSYoungGen      total 25600K, used 96K [0x00000000ebf00000, 0x00000000ee280000, 0x0000000100000000)
  eden space 15872K, 0% used [0x00000000ebf00000,0x00000000ebf00000,0x00000000ece80000)
  from space 9728K, 0% used [0x00000000ed900000,0x00000000ed918000,0x00000000ee280000)
  to   space 10240K, 0% used [0x00000000ece80000,0x00000000ece80000,0x00000000ed880000)
 ParOldGen       total 42496K, used 15580K [0x00000000c3c00000, 0x00000000c6580000, 0x00000000ebf00000)
  object space 42496K, 36% used [0x00000000c3c00000,0x00000000c4b372d8,0x00000000c6580000)
 Metaspace       used 18156K, capacity 18293K, committed 18432K, reserved 1067008K
  class space    used 1696K, capacity 1757K, committed 1792K, reserved 1048576K
}
Event: 107.832 GC heap before
{Heap before GC invocations=13 (full 0):
 PSYoungGen      total 25600K, used 15968K [0x00000000ebf00000, 0x00000000ee280000, 0x0000000100000000)
  eden space 15872K, 100% used [0x00000000ebf00000,0x00000000ece80000,0x00000000ece80000)
  from space 9728K, 0% used [0x00000000ed900000,0x00000000ed918000,0x00000000ee280000)
  to   space 10240K, 0% used [0x00000000ece80000,0x00000000ece80000,0x00000000ed880000)
 ParOldGen       total 42496K, used 15580K [0x00000000c3c00000, 0x00000000c6580000, 0x00000000ebf00000)
  object space 42496K, 36% used [0x00000000c3c00000,0x00000000c4b372d8,0x00000000c6580000)
 Metaspace       used 18156K, capacity 18293K, committed 18432K, reserved 1067008K
  class space    used 1696K, capacity 1757K, committed 1792K, reserved 1048576K
Event: 107.835 GC heap after
Heap after GC invocations=13 (full 0):
 PSYoungGen      total 16384K, used 32K [0x00000000ebf00000, 0x00000000ee180000, 0x0000000100000000)
  eden space 15872K, 0% used [0x00000000ebf00000,0x00000000ebf00000,0x00000000ece80000)
  from space 512K, 6% used [0x00000000ece80000,0x00000000ece88000,0x00000000ecf00000)
  to   space 9728K, 0% used [0x00000000ed800000,0x00000000ed800000,0x00000000ee180000)
 ParOldGen       total 42496K, used 15580K [0x00000000c3c00000, 0x00000000c6580000, 0x00000000ebf00000)
  object space 42496K, 36% used [0x00000000c3c00000,0x00000000c4b372d8,0x00000000c6580000)
 Metaspace       used 18156K, capacity 18293K, committed 18432K, reserved 1067008K
  class space    used 1696K, capacity 1757K, committed 1792K, reserved 1048576K
}
Event: 117.963 GC heap before
{Heap before GC invocations=14 (full 0):
 PSYoungGen      total 16384K, used 15896K [0x00000000ebf00000, 0x00000000ee180000, 0x0000000100000000)
  eden space 15872K, 99% used [0x00000000ebf00000,0x00000000ece7e0b0,0x00000000ece80000)
  from space 512K, 6% used [0x00000000ece80000,0x00000000ece88000,0x00000000ecf00000)
  to   space 9728K, 0% used [0x00000000ed800000,0x00000000ed800000,0x00000000ee180000)
 ParOldGen       total 42496K, used 15580K [0x00000000c3c00000, 0x00000000c6580000, 0x00000000ebf00000)
  object space 42496K, 36% used [0x00000000c3c00000,0x00000000c4b372d8,0x00000000c6580000)
 Metaspace       used 18156K, capacity 18293K, committed 18432K, reserved 1067008K
  class space    used 1696K, capacity 1757K, committed 1792K, reserved 1048576K
Event: 117.965 GC heap after
Heap after GC invocations=14 (full 0):
 PSYoungGen      total 25600K, used 32K [0x00000000ebf00000, 0x00000000ee180000, 0x0000000100000000)
  eden space 15872K, 0% used [0x00000000ebf00000,0x00000000ebf00000,0x00000000ece80000)
  from space 9728K, 0% used [0x00000000ed800000,0x00000000ed808000,0x00000000ee180000)
  to   space 9728K, 0% used [0x00000000ece80000,0x00000000ece80000,0x00000000ed800000)
 ParOldGen       total 42496K, used 15588K [0x00000000c3c00000, 0x00000000c6580000, 0x00000000ebf00000)
  object space 42496K, 36% used [0x00000000c3c00000,0x00000000c4b392d8,0x00000000c6580000)
 Metaspace       used 18156K, capacity 18293K, committed 18432K, reserved 1067008K
  class space    used 1696K, capacity 1757K, committed 1792K, reserved 1048576K
}
Event: 127.997 GC heap before
{Heap before GC invocations=15 (full 0):
 PSYoungGen      total 25600K, used 15904K [0x00000000ebf00000, 0x00000000ee180000, 0x0000000100000000)
  eden space 15872K, 100% used [0x00000000ebf00000,0x00000000ece80000,0x00000000ece80000)
  from space 9728K, 0% used [0x00000000ed800000,0x00000000ed808000,0x00000000ee180000)
  to   space 9728K, 0% used [0x00000000ece80000,0x00000000ece80000,0x00000000ed800000)
 ParOldGen       total 42496K, used 15588K [0x00000000c3c00000, 0x00000000c6580000, 0x00000000ebf00000)
  object space 42496K, 36% used [0x00000000c3c00000,0x00000000c4b392d8,0x00000000c6580000)
 Metaspace       used 18156K, capacity 18293K, committed 18432K, reserved 1067008K
  class space    used 1696K, capacity 1757K, committed 1792K, reserved 1048576K
Event: 128.001 GC heap after
Heap after GC invocations=15 (full 0):
 PSYoungGen      total 16384K, used 96K [0x00000000ebf00000, 0x00000000ee080000, 0x0000000100000000)
  eden space 15872K, 0% used [0x00000000ebf00000,0x00000000ebf00000,0x00000000ece80000)
  from space 512K, 18% used [0x00000000ece80000,0x00000000ece98000,0x00000000ecf00000)
  to   space 9216K, 0% used [0x00000000ed780000,0x00000000ed780000,0x00000000ee080000)
 ParOldGen       total 42496K, used 15596K [0x00000000c3c00000, 0x00000000c6580000, 0x00000000ebf00000)
  object space 42496K, 36% used [0x00000000c3c00000,0x00000000c4b3b2d8,0x00000000c6580000)
 Metaspace       used 18156K, capacity 18293K, committed 18432K, reserved 1067008K
  class space    used 1696K, capacity 1757K, committed 1792K, reserved 1048576K
}

